{
  "stats": {
    "suites": 2,
    "tests": 4,
    "passes": 2,
    "pending": 0,
    "failures": 2,
    "testsRegistered": 4,
    "passPercent": 50,
    "pendingPercent": 0,
    "other": 0,
    "hasOther": false,
    "skipped": 0,
    "hasSkipped": false,
    "start": "2023-06-26T13:49:47.250Z",
    "end": "2023-06-26T13:52:42.890Z",
    "duration": 175640
  },
  "results": [
    {
      "uuid": "93694dad-f21a-4e23-b064-5ac71eebcff0",
      "title": "",
      "fullFile": "cypress\\e2e\\login.cy.js",
      "file": "cypress\\e2e\\login.cy.js",
      "beforeHooks": [],
      "afterHooks": [],
      "tests": [],
      "suites": [
        {
          "uuid": "8c767548-68c9-4c94-843c-573c062d92be",
          "title": "Funcionalidade Login",
          "fullFile": "",
          "file": "",
          "beforeHooks": [],
          "afterHooks": [],
          "tests": [
            {
              "title": "Login com sucesso usando Comando customizado",
              "fullTitle": "Funcionalidade Login Login com sucesso usando Comando customizado",
              "timedOut": null,
              "duration": 17215,
              "state": "passed",
              "speed": "slow",
              "pass": true,
              "fail": false,
              "pending": false,
              "context": null,
              "code": "cy.login(dadosLogin.usuario, dadosLogin.senha);\ncy.get('.page-title').should('contain', 'Minha conta');",
              "err": {},
              "uuid": "1dcea8f2-08f6-4baf-93eb-8834fa5663af",
              "parentUUID": "8c767548-68c9-4c94-843c-573c062d92be",
              "isHook": false,
              "skipped": false
            },
            {
              "title": "Login usando fixture",
              "fullTitle": "Funcionalidade Login Login usando fixture",
              "timedOut": null,
              "duration": 8333,
              "state": "passed",
              "speed": "medium",
              "pass": true,
              "fail": false,
              "pending": false,
              "context": null,
              "code": "cy.fixture('perfil').then(dados => {\n  cy.login(dados.usuario, dados.senha);\n});\ncy.get('.page-title').should('contain', 'Minha conta');",
              "err": {},
              "uuid": "5a3bd320-5be7-4b85-9bae-d1b9b62d421c",
              "parentUUID": "8c767548-68c9-4c94-843c-573c062d92be",
              "isHook": false,
              "skipped": false
            },
            {
              "title": "Deve fazer login com sucesso - sem otimização",
              "fullTitle": "Funcionalidade Login Deve fazer login com sucesso - sem otimização",
              "timedOut": null,
              "duration": 13028,
              "state": "failed",
              "speed": null,
              "pass": false,
              "fail": true,
              "pending": false,
              "context": null,
              "code": "cy.get('#username').type(dadosLogin.usuario);\ncy.get('#password').type(dadosLogin.senha, {\n  log: false\n});\ncy.get('.woocommerce-form > .button').click();\ncy.get('.page-title').should('contain', 'Minha conta');\ncy.get('.woocommerce-MyAccount-content > :nth-child(2)').should('contain', 'Olá, aluno_ebac');",
              "err": {
                "message": "AssertionError: Timed out retrying after 4000ms: expected '<p>' to contain 'Olá, aluno_ebac'",
                "estack": "AssertionError: Timed out retrying after 4000ms: expected '<p>' to contain 'Olá, aluno_ebac'\n    at Context.eval (webpack:///./cypress/e2e/login.cy.js:36:65)",
                "diff": null
              },
              "uuid": "53cbfd63-6143-4add-907b-f0a8b9898231",
              "parentUUID": "8c767548-68c9-4c94-843c-573c062d92be",
              "isHook": false,
              "skipped": false
            }
          ],
          "suites": [],
          "passes": [
            "1dcea8f2-08f6-4baf-93eb-8834fa5663af",
            "5a3bd320-5be7-4b85-9bae-d1b9b62d421c"
          ],
          "failures": [
            "53cbfd63-6143-4add-907b-f0a8b9898231"
          ],
          "pending": [],
          "skipped": [],
          "duration": 38576,
          "root": false,
          "rootEmpty": false,
          "_timeout": 2000
        }
      ],
      "passes": [],
      "failures": [],
      "pending": [],
      "skipped": [],
      "duration": 0,
      "root": true,
      "rootEmpty": true,
      "_timeout": 2000
    },
    {
      "uuid": "e9b927c9-ace9-4f70-876f-36e883e1a4f6",
      "title": "",
      "fullFile": "cypress\\e2e\\e2e.cy.js",
      "file": "cypress\\e2e\\e2e.cy.js",
      "beforeHooks": [],
      "afterHooks": [],
      "tests": [],
      "suites": [
        {
          "uuid": "ef34555c-285c-4c3e-b99e-f5ee3bb80416",
          "title": "Exercicio - Testes End-to-end - Fluxo de pedido",
          "fullFile": "",
          "file": "",
          "beforeHooks": [],
          "afterHooks": [],
          "tests": [
            {
              "title": "Deve adicionar um produto no carrinho - Usando comando customizados ",
              "fullTitle": "Exercicio - Testes End-to-end - Fluxo de pedido Deve adicionar um produto no carrinho - Usando comando customizados ",
              "timedOut": null,
              "duration": 99094,
              "state": "failed",
              "speed": null,
              "pass": false,
              "fail": true,
              "pending": false,
              "context": null,
              "code": "let carrinho = 8;\ncy.addProdutos('produtos/', 'Abominable Hoodie', 'S', 'Blue', '3');\ncy.addProdutos('produtos/page/2/', 'Bruno Compete Hoodie', 'M', 'Blue', '3');\ncy.addProdutos('produtos/page/2/', 'Caesar Warm-Up Pant', '33', 'Black', '1');\ncy.addProdutos('produtos/page/2/', 'Cassia Funnel Sweatshirt', 'S', 'Orange', '1');\ncy.get('.dropdown-toggle > .mini-cart-items').should('contain', carrinho);\n_checkout.default.editarEndereço(dadosEndereço[0].nome, dadosEndereço[0].sobrenome, dadosEndereço[0].empresa, dadosEndereço[0].pais, dadosEndereço[0].endereço, dadosEndereço[0].cidade, dadosEndereço[0].estado, dadosEndereço[0].cep, dadosEndereço[0].telefone, dadosEndereço[0].email);\ncy.formaDePagamento('cheque');\ncy.get('.woocommerce-notice').should('contain', 'Obrigado. Seu pedido foi recebido');",
              "err": {
                "message": "AssertionError: Timed out retrying after 4000ms: expected '<span.mini-cart-items>' to contain 8",
                "estack": "AssertionError: Timed out retrying after 4000ms: expected '<span.mini-cart-items>' to contain 8\n    at Context.eval (webpack:///./cypress/e2e/e2e.cy.js:28:54)",
                "diff": null
              },
              "uuid": "c07742cb-0f71-4d2e-96fe-368861917131",
              "parentUUID": "ef34555c-285c-4c3e-b99e-f5ee3bb80416",
              "isHook": false,
              "skipped": false
            }
          ],
          "suites": [],
          "passes": [],
          "failures": [
            "c07742cb-0f71-4d2e-96fe-368861917131"
          ],
          "pending": [],
          "skipped": [],
          "duration": 99094,
          "root": false,
          "rootEmpty": false,
          "_timeout": 2000
        }
      ],
      "passes": [],
      "failures": [],
      "pending": [],
      "skipped": [],
      "duration": 0,
      "root": true,
      "rootEmpty": true,
      "_timeout": 2000
    }
  ],
  "meta": {
    "mocha": {
      "version": "7.0.1"
    },
    "mochawesome": {
      "options": {
        "quiet": false,
        "reportFilename": "mochawesome",
        "saveHtml": false,
        "saveJson": true,
        "consoleReporter": "spec",
        "useInlineDiffs": false,
        "code": true
      },
      "version": "7.1.3"
    },
    "marge": {
      "options": {
        "reportDir": "mochawesome-report",
        "overwrite": false,
        "html": false,
        "json": true
      },
      "version": "6.2.0"
    }
  }
}